<?xml version="1.0" encoding="UTF-8"?>
<!-- Generated by org.testng.reporters.JUnitReportReporter -->
<testsuite hostname="1R-33" failures="0" tests="1" name="tests.Example" time="5.153" errors="0" timestamp="2025-02-06T12:27:03 IST" skipped="0">
  <testcase classname="tests.Example" name="testJacoco" time="5.153"/>
</testsuite> <!-- tests.Example -->
